Problema #1
Sim, e satisfativel.

Problema #2
Nao, nao e consequencia logica.

Problema #3
Nao, nao e consequencia logica.

Problema #4
Sim, e satisfativel.

Problema #5
Nao, nao e tautologia.

Problema #6
Sim, e satisfativel.

Problema #7
Nao, nao e consequencia logica.

Problema #8
Sim, e satisfativel.

Problema #9
Sim, e satisfativel.

Problema #10
Sim, e satisfativel.

Problema #11
Sim, e satisfativel.

Problema #12
Sim, e refutavel.

Problema #13
Sim, e refutavel.

Problema #14
Nao, nao e tautologia.

Problema #15
Sim, e consequencia logica.

Problema #16
Sim, e satisfativel.

Problema #17
Sim, e refutavel.

Problema #18
Sim, e satisfativel.

Problema #19
Nao, nao e insatisfativel.

Problema #20
Nao, nao e insatisfativel.

Problema #21
Nao, nao e refutavel.

Problema #22
Sim, e refutavel.

Problema #23
Nao, nao e consequencia logica.

Problema #24
Nao, nao e tautologia.

Problema #25
Sim, e satisfativel.

Problema #26
Sim, e refutavel.

Problema #27
Sim, e satisfativel.

Problema #28
Nao, nao e refutavel.

Problema #29
Nao, nao e tautologia.

Problema #30
Nao, nao e insatisfativel.

Problema #31
Nao, nao e insatisfativel.

Problema #32
Sim, e refutavel.

Problema #33
Nao, nao e tautologia.

Problema #34
Nao, nao e insatisfativel.

Problema #35
Nao, nao e consequencia logica.

Problema #36
Sim, e satisfativel.

Problema #37
Sim, e refutavel.

Problema #38
Nao, nao e consequencia logica.

Problema #39
Sim, e refutavel.

Problema #40
Sim, e satisfativel.

Problema #41
Nao, nao e insatisfativel.

Problema #42
Nao, nao e tautologia.

Problema #43
Sim, e tautologia.

Problema #44
Nao, nao e tautologia.

Problema #45
Nao, nao e tautologia.

Problema #46
Nao, nao e tautologia.

Problema #47
Sim, e satisfativel.

Problema #48
Nao, nao e tautologia.

Problema #49
Nao, nao e tautologia.

Problema #50
Sim, e refutavel.

Problema #51
Nao, nao e insatisfativel.

Problema #52
Nao, nao e consequencia logica.

Problema #53
Nao, nao e tautologia.

Problema #54
Nao, nao e insatisfativel.

Problema #55
Sim, e refutavel.

Problema #56
Nao, nao e insatisfativel.

Problema #57
Sim, e consequencia logica.

Problema #58
Sim, e satisfativel.

Problema #59
Sim, e consequencia logica.

Problema #60
Sim, e satisfativel.

Problema #61
Nao, nao e consequencia logica.

Problema #62
Sim, e consequencia logica.

Problema #63
Nao, nao e consequencia logica.

Problema #64
Sim, e satisfativel.

Problema #65
Nao, nao e insatisfativel.

Problema #66
Sim, e satisfativel.

Problema #67
Sim, e satisfativel.

Problema #68
Sim, e refutavel.

Problema #69
Nao, nao e insatisfativel.

Problema #70
Sim, e satisfativel.

Problema #71
Sim, e satisfativel.

Problema #72
Nao, nao e tautologia.

Problema #73
Nao, nao e consequencia logica.

Problema #74
Nao, nao e tautologia.

Problema #75
Sim, e satisfativel.

Problema #76
Sim, e satisfativel.

Problema #77
Nao, nao e insatisfativel.

Problema #78
Sim, e consequencia logica.

Problema #79
Nao, nao e tautologia.

Problema #80
Sim, e satisfativel.

Problema #81
Nao, nao e insatisfativel.

Problema #82
Nao, nao e tautologia.

Problema #83
Nao, nao e insatisfativel.

Problema #84
Nao, nao e insatisfativel.

Problema #85
Sim, e refutavel.

Problema #86
Nao, nao e insatisfativel.

Problema #87
Nao, nao e tautologia.

Problema #88
Sim, e refutavel.

Problema #89
Sim, e refutavel.

Problema #90
Nao, nao e tautologia.

Problema #91
Nao, nao e consequencia logica.

Problema #92
Sim, e satisfativel.

Problema #93
Sim, e satisfativel.

Problema #94
Nao, nao e insatisfativel.

Problema #95
Nao, nao e consequencia logica.

Problema #96
Nao, nao e tautologia.

Problema #97
Nao, nao e consequencia logica.

Problema #98
Nao, nao e insatisfativel.

Problema #99
Sim, e refutavel.

Problema #100
Nao, nao e insatisfativel.

Problema #101
Sim, e satisfativel.

Problema #102
Nao, nao e consequencia logica.

Problema #103
Nao, nao e consequencia logica.

Problema #104
Nao, nao e insatisfativel.

Problema #105
Nao, nao e consequencia logica.

Problema #106
Sim, e refutavel.

Problema #107
Nao, nao e insatisfativel.

Problema #108
Nao, nao e tautologia.

Problema #109
Nao, nao e insatisfativel.

Problema #110
Sim, e satisfativel.

Problema #111
Nao, nao e tautologia.

Problema #112
Nao, nao e insatisfativel.

Problema #113
Nao, nao e tautologia.

Problema #114
Nao, nao e insatisfativel.

Problema #115
Sim, e satisfativel.

Problema #116
Sim, e satisfativel.

Problema #117
Sim, e refutavel.

Problema #118
Nao, nao e insatisfativel.

Problema #119
Sim, e insatisfativel.

Problema #120
Sim, e refutavel.

Problema #121
Nao, nao e tautologia.

Problema #122
Sim, e tautologia.

Problema #123
Nao, nao e insatisfativel.

Problema #124
Sim, e consequencia logica.

Problema #125
Sim, e satisfativel.

Problema #126
Nao, nao e tautologia.

Problema #127
Nao, nao e tautologia.

Problema #128
Sim, e insatisfativel.

Problema #129
Sim, e refutavel.

Problema #130
Nao, nao e tautologia.

Problema #131
Sim, e refutavel.

Problema #132
Nao, nao e tautologia.

Problema #133
Nao, nao e insatisfativel.

Problema #134
Sim, e refutavel.

Problema #135
Sim, e refutavel.

Problema #136
Nao, nao e consequencia logica.

Problema #137
Sim, e consequencia logica.

Problema #138
Sim, e satisfativel.

Problema #139
Sim, e refutavel.

Problema #140
Nao, nao e tautologia.

Problema #141
Sim, e satisfativel.

Problema #142
Sim, e satisfativel.

Problema #143
Nao, nao e refutavel.

Problema #144
Nao, nao e tautologia.

Problema #145
Sim, e satisfativel.

Problema #146
Sim, e satisfativel.

Problema #147
Nao, nao e tautologia.

Problema #148
Sim, e satisfativel.

Problema #149
Nao, nao e insatisfativel.

Problema #150
Sim, e satisfativel.

Problema #151
Sim, e refutavel.

Problema #152
Nao, nao e insatisfativel.

Problema #153
Sim, e satisfativel.

Problema #154
Nao, nao e consequencia logica.

Problema #155
Nao, nao e tautologia.

Problema #156
Nao, nao e insatisfativel.

Problema #157
Sim, e satisfativel.

Problema #158
Nao, nao e consequencia logica.

Problema #159
Sim, e tautologia.

Problema #160
Nao, nao e tautologia.

Problema #161
Nao, nao e tautologia.

Problema #162
Sim, e satisfativel.

Problema #163
Sim, e satisfativel.

Problema #164
Nao, nao e tautologia.

Problema #165
Nao, nao e insatisfativel.

Problema #166
Sim, e refutavel.

Problema #167
Nao, nao e consequencia logica.

Problema #168
Sim, e consequencia logica.

Problema #169
Sim, e consequencia logica.

Problema #170
Sim, e consequencia logica.

Problema #171
Nao, nao e consequencia logica.

Problema #172
Sim, e refutavel.

Problema #173
Sim, e consequencia logica.

Problema #174
Sim, e satisfativel.

Problema #175
Nao, nao e consequencia logica.

Problema #176
Sim, e refutavel.

Problema #177
Sim, e satisfativel.

Problema #178
Sim, e refutavel.

Problema #179
Nao, nao e tautologia.

Problema #180
Sim, e refutavel.

Problema #181
Nao, nao e consequencia logica.

Problema #182
Nao, nao e tautologia.

Problema #183
Nao, nao e tautologia.

Problema #184
Nao, nao e insatisfativel.

Problema #185
Nao, nao e consequencia logica.

Problema #186
Nao, nao e tautologia.

Problema #187
Nao, nao e insatisfativel.

Problema #188
Nao, nao e insatisfativel.

Problema #189
Nao, nao e insatisfativel.

Problema #190
Sim, e refutavel.

Problema #191
Sim, e consequencia logica.

Problema #192
Nao, nao e insatisfativel.

Problema #193
Sim, e refutavel.

Problema #194
Nao, nao e tautologia.

Problema #195
Sim, e satisfativel.

Problema #196
Nao, nao e consequencia logica.

Problema #197
Nao, nao e insatisfativel.

Problema #198
Nao, nao e consequencia logica.

Problema #199
Sim, e consequencia logica.

Problema #200
Nao, nao e tautologia.

Problema #201
Nao, nao e consequencia logica.

Problema #202
Sim, e refutavel.

Problema #203
Nao, nao e insatisfativel.

Problema #204
Nao, nao e consequencia logica.

Problema #205
Nao, nao e consequencia logica.

Problema #206
Sim, e refutavel.

Problema #207
Nao, nao e tautologia.

Problema #208
Nao, nao e consequencia logica.

Problema #209
Sim, e refutavel.

Problema #210
Sim, e satisfativel.

Problema #211
Nao, nao e insatisfativel.

Problema #212
Sim, e refutavel.

Problema #213
Sim, e refutavel.

Problema #214
Nao, nao e insatisfativel.

Problema #215
Sim, e satisfativel.

Problema #216
Nao, nao e tautologia.

Problema #217
Sim, e refutavel.

Problema #218
Nao, nao e consequencia logica.

Problema #219
Nao, nao e tautologia.

Problema #220
Sim, e satisfativel.

Problema #221
Sim, e satisfativel.

Problema #222
Nao, nao e consequencia logica.

Problema #223
Sim, e tautologia.

Problema #224
Nao, nao e insatisfativel.

Problema #225
Sim, e consequencia logica.

Problema #226
Sim, e refutavel.

Problema #227
Nao, nao e satisfativel.

Problema #228
Nao, nao e tautologia.

Problema #229
Sim, e refutavel.

Problema #230
Sim, e refutavel.

Problema #231
Nao, nao e consequencia logica.

Problema #232
Nao, nao e consequencia logica.

Problema #233
Sim, e satisfativel.

Problema #234
Nao, nao e tautologia.

Problema #235
Sim, e refutavel.

Problema #236
Nao, nao e consequencia logica.

Problema #237
Sim, e consequencia logica.

Problema #238
Sim, e satisfativel.

Problema #239
Sim, e satisfativel.

Problema #240
Nao, nao e tautologia.

Problema #241
Sim, e refutavel.

Problema #242
Nao, nao e insatisfativel.

Problema #243
Nao, nao e insatisfativel.

Problema #244
Nao, nao e insatisfativel.

Problema #245
Nao, nao e insatisfativel.

Problema #246
Nao, nao e tautologia.

Problema #247
Nao, nao e consequencia logica.

Problema #248
Sim, e refutavel.

Problema #249
Nao, nao e tautologia.

Problema #250
Sim, e consequencia logica.

Problema #251
Nao, nao e insatisfativel.

Problema #252
Nao, nao e tautologia.

Problema #253
Sim, e refutavel.

Problema #254
Nao, nao e consequencia logica.

Problema #255
Sim, e refutavel.

Problema #256
Nao, nao e consequencia logica.

Problema #257
Sim, e satisfativel.

Problema #258
Nao, nao e tautologia.

Problema #259
Nao, nao e tautologia.

Problema #260
Sim, e refutavel.

Problema #261
Sim, e consequencia logica.

Problema #262
Nao, nao e insatisfativel.

Problema #263
Nao, nao e tautologia.

Problema #264
Sim, e satisfativel.

Problema #265
Nao, nao e tautologia.

Problema #266
Sim, e refutavel.

Problema #267
Nao, nao e tautologia.

Problema #268
Sim, e refutavel.

Problema #269
Nao, nao e insatisfativel.

Problema #270
Nao, nao e insatisfativel.

Problema #271
Nao, nao e insatisfativel.

Problema #272
Sim, e satisfativel.

Problema #273
Nao, nao e consequencia logica.

Problema #274
Sim, e consequencia logica.

Problema #275
Nao, nao e insatisfativel.

Problema #276
Sim, e insatisfativel.

Problema #277
Nao, nao e tautologia.

Problema #278
Nao, nao e insatisfativel.

Problema #279
Sim, e refutavel.

Problema #280
Nao, nao e consequencia logica.

Problema #281
Sim, e refutavel.

Problema #282
Nao, nao e insatisfativel.

Problema #283
Nao, nao e tautologia.

Problema #284
Sim, e satisfativel.

Problema #285
Sim, e satisfativel.

Problema #286
Sim, e refutavel.

Problema #287
Sim, e refutavel.

Problema #288
Sim, e satisfativel.

Problema #289
Nao, nao e insatisfativel.

Problema #290
Nao, nao e insatisfativel.

Problema #291
Sim, e consequencia logica.

Problema #292
Nao, nao e consequencia logica.

Problema #293
Sim, e consequencia logica.

Problema #294
Sim, e refutavel.

Problema #295
Sim, e refutavel.

Problema #296
Sim, e tautologia.

Problema #297
Sim, e refutavel.

Problema #298
Nao, nao e tautologia.

Problema #299
Nao, nao e consequencia logica.

Problema #300
Nao, nao e consequencia logica.

Problema #301
Nao, nao e consequencia logica.

Problema #302
Sim, e satisfativel.

Problema #303
Sim, e refutavel.

Problema #304
Nao, nao e insatisfativel.

Problema #305
Nao, nao e consequencia logica.

Problema #306
Sim, e refutavel.

Problema #307
Sim, e refutavel.

Problema #308
Sim, e refutavel.

Problema #309
Sim, e satisfativel.

Problema #310
Sim, e refutavel.

Problema #311
Sim, e satisfativel.

Problema #312
Sim, e refutavel.

Problema #313
Nao, nao e insatisfativel.

Problema #314
Sim, e refutavel.

Problema #315
Nao, nao e insatisfativel.

Problema #316
Sim, e tautologia.

Problema #317
Nao, nao e tautologia.

Problema #318
Sim, e refutavel.

Problema #319
Sim, e satisfativel.

P